<?xml version="1.0" encoding="UTF-8"?>
<testsuite xmlns:xsi="http://www.w3.org/2001/XMLSchema-instance" xsi:noNamespaceSchemaLocation="https://maven.apache.org/surefire/maven-surefire-plugin/xsd/surefire-test-report-3.0.xsd" version="3.0" name="com.hivemq.client.test.AppTest" time="0.009" tests="1" errors="0" skipped="0" failures="0">
  <properties>
    <property name="gopherProxySet" value="false"/>
    <property name="awt.toolkit" value="sun.lwawt.macosx.LWCToolkit"/>
    <property name="file.encoding.pkg" value="sun.io"/>
    <property name="java.specification.version" value="1.8"/>
    <property name="sun.cpu.isalist" value=""/>
    <property name="sun.jnu.encoding" value="UTF-8"/>
    <property name="java.class.path" value="/Users/meg/kube/hivemq/hivemq-test/target/test-classes:/Users/meg/kube/hivemq/hivemq-test/target/classes:/Users/meg/.m2/repository/junit/junit/3.8.1/junit-3.8.1.jar:/Users/meg/.m2/repository/com/hivemq/hivemq-mqtt-client/1.3.0/hivemq-mqtt-client-1.3.0.jar:/Users/meg/.m2/repository/io/reactivex/rxjava2/rxjava/2.2.19/rxjava-2.2.19.jar:/Users/meg/.m2/repository/org/reactivestreams/reactive-streams/1.0.3/reactive-streams-1.0.3.jar:/Users/meg/.m2/repository/io/netty/netty-buffer/4.1.48.Final/netty-buffer-4.1.48.Final.jar:/Users/meg/.m2/repository/io/netty/netty-codec/4.1.48.Final/netty-codec-4.1.48.Final.jar:/Users/meg/.m2/repository/io/netty/netty-common/4.1.48.Final/netty-common-4.1.48.Final.jar:/Users/meg/.m2/repository/io/netty/netty-handler/4.1.48.Final/netty-handler-4.1.48.Final.jar:/Users/meg/.m2/repository/io/netty/netty-resolver/4.1.48.Final/netty-resolver-4.1.48.Final.jar:/Users/meg/.m2/repository/io/netty/netty-transport/4.1.48.Final/netty-transport-4.1.48.Final.jar:/Users/meg/.m2/repository/org/jctools/jctools-core/2.1.2/jctools-core-2.1.2.jar:/Users/meg/.m2/repository/org/jetbrains/annotations/16.0.3/annotations-16.0.3.jar:/Users/meg/.m2/repository/com/google/dagger/dagger/2.27/dagger-2.27.jar:/Users/meg/.m2/repository/javax/inject/javax.inject/1/javax.inject-1.jar:"/>
    <property name="java.vm.vendor" value="AdoptOpenJDK"/>
    <property name="sun.arch.data.model" value="64"/>
    <property name="java.vendor.url" value="https://adoptopenjdk.net/"/>
    <property name="user.timezone" value=""/>
    <property name="user.country.format" value="DE"/>
    <property name="java.vm.specification.version" value="1.8"/>
    <property name="os.name" value="Mac OS X"/>
    <property name="user.country" value="GB"/>
    <property name="sun.java.launcher" value="SUN_STANDARD"/>
    <property name="sun.boot.library.path" value="/Users/meg/Library/Caches/Coursier/jvm/adopt@1.8.0-292/Contents/Home/jre/lib"/>
    <property name="sun.java.command" value="/Users/meg/kube/hivemq/hivemq-test/target/surefire/surefirebooter-20250205175629274_3.jar /Users/meg/kube/hivemq/hivemq-test/target/surefire 2025-02-05T17-56-29_017-jvmRun1 surefire-20250205175629274_1tmp surefire_0-20250205175629274_2tmp"/>
    <property name="http.nonProxyHosts" value="local|*.local|169.254/16|*.169.254/16|192.168.178.156"/>
    <property name="surefire.test.class.path" value="/Users/meg/kube/hivemq/hivemq-test/target/test-classes:/Users/meg/kube/hivemq/hivemq-test/target/classes:/Users/meg/.m2/repository/junit/junit/3.8.1/junit-3.8.1.jar:/Users/meg/.m2/repository/com/hivemq/hivemq-mqtt-client/1.3.0/hivemq-mqtt-client-1.3.0.jar:/Users/meg/.m2/repository/io/reactivex/rxjava2/rxjava/2.2.19/rxjava-2.2.19.jar:/Users/meg/.m2/repository/org/reactivestreams/reactive-streams/1.0.3/reactive-streams-1.0.3.jar:/Users/meg/.m2/repository/io/netty/netty-buffer/4.1.48.Final/netty-buffer-4.1.48.Final.jar:/Users/meg/.m2/repository/io/netty/netty-codec/4.1.48.Final/netty-codec-4.1.48.Final.jar:/Users/meg/.m2/repository/io/netty/netty-common/4.1.48.Final/netty-common-4.1.48.Final.jar:/Users/meg/.m2/repository/io/netty/netty-handler/4.1.48.Final/netty-handler-4.1.48.Final.jar:/Users/meg/.m2/repository/io/netty/netty-resolver/4.1.48.Final/netty-resolver-4.1.48.Final.jar:/Users/meg/.m2/repository/io/netty/netty-transport/4.1.48.Final/netty-transport-4.1.48.Final.jar:/Users/meg/.m2/repository/org/jctools/jctools-core/2.1.2/jctools-core-2.1.2.jar:/Users/meg/.m2/repository/org/jetbrains/annotations/16.0.3/annotations-16.0.3.jar:/Users/meg/.m2/repository/com/google/dagger/dagger/2.27/dagger-2.27.jar:/Users/meg/.m2/repository/javax/inject/javax.inject/1/javax.inject-1.jar:"/>
    <property name="sun.cpu.endian" value="little"/>
    <property name="user.home" value="/Users/meg"/>
    <property name="user.language" value="en"/>
    <property name="java.specification.vendor" value="Oracle Corporation"/>
    <property name="java.home" value="/Users/meg/Library/Caches/Coursier/jvm/adopt@1.8.0-292/Contents/Home/jre"/>
    <property name="basedir" value="/Users/meg/kube/hivemq/hivemq-test"/>
    <property name="file.separator" value="/"/>
    <property name="line.separator" value="&#10;"/>
    <property name="java.vm.specification.vendor" value="Oracle Corporation"/>
    <property name="java.specification.name" value="Java Platform API Specification"/>
    <property name="java.awt.graphicsenv" value="sun.awt.CGraphicsEnvironment"/>
    <property name="surefire.real.class.path" value="/Users/meg/kube/hivemq/hivemq-test/target/surefire/surefirebooter-20250205175629274_3.jar"/>
    <property name="sun.boot.class.path" value="/Users/meg/Library/Caches/Coursier/jvm/adopt@1.8.0-292/Contents/Home/jre/lib/resources.jar:/Users/meg/Library/Caches/Coursier/jvm/adopt@1.8.0-292/Contents/Home/jre/lib/rt.jar:/Users/meg/Library/Caches/Coursier/jvm/adopt@1.8.0-292/Contents/Home/jre/lib/sunrsasign.jar:/Users/meg/Library/Caches/Coursier/jvm/adopt@1.8.0-292/Contents/Home/jre/lib/jsse.jar:/Users/meg/Library/Caches/Coursier/jvm/adopt@1.8.0-292/Contents/Home/jre/lib/jce.jar:/Users/meg/Library/Caches/Coursier/jvm/adopt@1.8.0-292/Contents/Home/jre/lib/charsets.jar:/Users/meg/Library/Caches/Coursier/jvm/adopt@1.8.0-292/Contents/Home/jre/lib/jfr.jar:/Users/meg/Library/Caches/Coursier/jvm/adopt@1.8.0-292/Contents/Home/jre/classes"/>
    <property name="sun.management.compiler" value="HotSpot 64-Bit Tiered Compilers"/>
    <property name="ftp.nonProxyHosts" value="local|*.local|169.254/16|*.169.254/16|192.168.178.156"/>
    <property name="java.runtime.version" value="1.8.0_292-b10"/>
    <property name="user.name" value="meg"/>
    <property name="path.separator" value=":"/>
    <property name="os.version" value="10.16"/>
    <property name="java.endorsed.dirs" value="/Users/meg/Library/Caches/Coursier/jvm/adopt@1.8.0-292/Contents/Home/jre/lib/endorsed"/>
    <property name="java.runtime.name" value="OpenJDK Runtime Environment"/>
    <property name="file.encoding" value="UTF-8"/>
    <property name="java.vm.name" value="OpenJDK 64-Bit Server VM"/>
    <property name="localRepository" value="/Users/meg/.m2/repository"/>
    <property name="java.vendor.url.bug" value="https://github.com/AdoptOpenJDK/openjdk-support/issues"/>
    <property name="java.io.tmpdir" value="/var/folders/lq/wxshv6311w9_5bvrcx0qyxdm0000gp/T/"/>
    <property name="java.version" value="1.8.0_292"/>
    <property name="user.dir" value="/Users/meg/kube/hivemq/hivemq-test"/>
    <property name="os.arch" value="x86_64"/>
    <property name="java.vm.specification.name" value="Java Virtual Machine Specification"/>
    <property name="java.awt.printerjob" value="sun.lwawt.macosx.CPrinterJob"/>
    <property name="sun.os.patch.level" value="unknown"/>
    <property name="java.library.path" value="/Users/meg/Library/Java/Extensions:/Library/Java/Extensions:/Network/Library/Java/Extensions:/System/Library/Java/Extensions:/usr/lib/java:."/>
    <property name="java.vm.info" value="mixed mode"/>
    <property name="java.vendor" value="AdoptOpenJDK"/>
    <property name="java.vm.version" value="25.292-b10"/>
    <property name="java.ext.dirs" value="/Users/meg/Library/Java/Extensions:/Users/meg/Library/Caches/Coursier/jvm/adopt@1.8.0-292/Contents/Home/jre/lib/ext:/Library/Java/Extensions:/Network/Library/Java/Extensions:/System/Library/Java/Extensions:/usr/lib/java"/>
    <property name="sun.io.unicode.encoding" value="UnicodeBig"/>
    <property name="java.class.version" value="52.0"/>
    <property name="socksNonProxyHosts" value="local|*.local|169.254/16|*.169.254/16|192.168.178.156"/>
  </properties>
  <testcase name="testApp" classname="com.hivemq.client.test.AppTest" time="0.001"/>
</testsuite>